<?xml version="1.0" encoding="UTF-8"?>
<testsuite name="ru.netology.test.DeliveryCardChangeTest" tests="1" skipped="0" failures="0" errors="0" timestamp="2020-11-05T17:06:43" hostname="DESKTOP-J5V4LSF" time="14.003">
  <properties/>
  <testcase name="shouldSendDataForDelivery()" classname="ru.netology.test.DeliveryCardChangeTest" time="14.003"/>
  <system-out><![CDATA[]]></system-out>
  <system-err><![CDATA[[Test worker] INFO com.codeborne.selenide.impl.WebDriverThreadLocalContainer - No webdriver is bound to current thread: 13 - let's create a new webdriver
[Test worker] INFO io.github.bonigarcia.wdm.WebDriverManager - Using chromedriver 86.0.4240.22 (since Google Chrome 86 is installed in your machine)
[Test worker] INFO io.github.bonigarcia.wdm.WebDriverManager - Exporting webdriver.chrome.driver as C:\Users\khleb\.m2\repository\webdriver\chromedriver\win32\86.0.4240.22\chromedriver.exe
Starting ChromeDriver 86.0.4240.22 (398b0743353ff36fb1b82468f63a3a93b4e2e89e-refs/branch-heads/4240@{#378}) on port 31642
Only local connections are allowed.
Please see https://chromedriver.chromium.org/security-considerations for suggestions on keeping ChromeDriver safe.
ChromeDriver was started successfully.
нояб. 05, 2020 9:06:51 PM org.openqa.selenium.remote.ProtocolHandshake createSession
INFO: Detected dialect: W3C
[Test worker] INFO com.codeborne.selenide.webdriver.BrowserResizer - Set browser size to 1366x768
[Test worker] INFO com.codeborne.selenide.webdriver.WebDriverFactory - BrowserName=chrome Version=86.0.4240.111 Platform=WINDOWS
[Test worker] INFO com.codeborne.selenide.webdriver.WebDriverFactory - Selenide v. 5.11.0
[Test worker] INFO com.codeborne.selenide.webdriver.WebDriverFactory - Selenium WebDriver v. 3.141.59 build time: 2018-11-14T08:17:03
[Test worker] INFO com.codeborne.selenide.drivercommands.CreateDriverCommand - Create webdriver in current thread 13: ChromeDriver -> ChromeDriver: chrome on WINDOWS (5a9310083bde44044c9f33de2974a08c)
]]></system-err>
</testsuite>
